# JRE version: OpenJDK Runtime Environment (21.0.7) (build 21.0.7+-13880790-b1038.58)
# Java VM: OpenJDK 64-Bit Server VM (21.0.7+-13880790-b1038.58, mixed mode, tiered, compressed oops, compressed class ptrs, g1 gc, windows-amd64)
GC Precious Log:
 CardTable entry size: 512
 Card Set container configuration: InlinePtr #cards 5 size 8 Array Of Cards #cards 12 size 40 Howl #buckets 4 coarsen threshold 1843 Howl Bitmap #cards 512 size 80 coarsen threshold 460 Card regions per heap region 1 cards per card region 2048
 CPUs: 12 total, 12 available
 Memory: 16110M
 Large Page Support: Disabled
 NUMA Support: Disabled
 Compressed Oops: Enabled (32-bit)
 Heap Region Size: 1M
 Heap Min Capacity: 8M
 Heap Initial Capacity: 252M
 Heap Max Capacity: 2G
 Pre-touch: Disabled
 Parallel Workers: 10
 Concurrent Workers: 3
 Concurrent Refinement Workers: 10
 Periodic GC: Disabled
Heap:
 garbage-first heap   total 348160K, used 282473K [0x0000000080000000, 0x0000000100000000)
  region size 1024K, 104 young (106496K), 6 survivors (6144K)
 Metaspace       used 162181K, committed 164352K, reserved 1245184K
  class space    used 21074K, committed 22400K, reserved 1048576K
GC Heap History (20 events):
Event: 2527.564 GC heap before
{Heap before GC invocations=91 (full 0):
 garbage-first heap   total 299008K, used 288986K [0x0000000080000000, 0x0000000100000000)
  region size 1024K, 107 young (109568K), 5 survivors (5120K)
 Metaspace       used 156398K, committed 160768K, reserved 1245184K
  class space    used 20478K, committed 22336K, reserved 1048576K
}
Event: 2527.573 GC heap after
{Heap after GC invocations=92 (full 0):
 garbage-first heap   total 305152K, used 146297K [0x0000000080000000, 0x0000000100000000)
  region size 1024K, 3 young (3072K), 3 survivors (3072K)
 Metaspace       used 156398K, committed 160768K, reserved 1245184K
  class space    used 20478K, committed 22336K, reserved 1048576K
}
Event: 5453.109 GC heap before
{Heap before GC invocations=92 (full 0):
 garbage-first heap   total 305152K, used 284537K [0x0000000080000000, 0x0000000100000000)
  region size 1024K, 136 young (139264K), 3 survivors (3072K)
 Metaspace       used 156544K, committed 160768K, reserved 1245184K
  class space    used 20479K, committed 22336K, reserved 1048576K
}
Event: 5453.152 GC heap after
{Heap after GC invocations=93 (full 0):
 garbage-first heap   total 323584K, used 167307K [0x0000000080000000, 0x0000000100000000)
  region size 1024K, 17 young (17408K), 17 survivors (17408K)
 Metaspace       used 156544K, committed 160768K, reserved 1245184K
  class space    used 20479K, committed 22336K, reserved 1048576K
}
Event: 5453.803 GC heap before
{Heap before GC invocations=93 (full 0):
 garbage-first heap   total 323584K, used 208267K [0x0000000080000000, 0x0000000100000000)
  region size 1024K, 59 young (60416K), 17 survivors (17408K)
 Metaspace       used 159433K, committed 162624K, reserved 1245184K
  class space    used 20807K, committed 22400K, reserved 1048576K
}
Event: 5453.817 GC heap after
{Heap after GC invocations=94 (full 0):
 garbage-first heap   total 323584K, used 186673K [0x0000000080000000, 0x0000000100000000)
  region size 1024K, 17 young (17408K), 17 survivors (17408K)
 Metaspace       used 159433K, committed 162624K, reserved 1245184K
  class space    used 20807K, committed 22400K, reserved 1048576K
}
Event: 5455.892 GC heap before
{Heap before GC invocations=95 (full 0):
 garbage-first heap   total 348160K, used 276785K [0x0000000080000000, 0x0000000100000000)
  region size 1024K, 85 young (87040K), 17 survivors (17408K)
 Metaspace       used 158854K, committed 162496K, reserved 1245184K
  class space    used 20674K, committed 22400K, reserved 1048576K
}
Event: 5455.901 GC heap after
{Heap after GC invocations=96 (full 0):
 garbage-first heap   total 348160K, used 187794K [0x0000000080000000, 0x0000000100000000)
  region size 1024K, 6 young (6144K), 6 survivors (6144K)
 Metaspace       used 158854K, committed 162496K, reserved 1245184K
  class space    used 20674K, committed 22400K, reserved 1048576K
}
Event: 5460.125 GC heap before
{Heap before GC invocations=96 (full 0):
 garbage-first heap   total 348160K, used 279954K [0x0000000080000000, 0x0000000100000000)
  region size 1024K, 93 young (95232K), 6 survivors (6144K)
 Metaspace       used 159754K, committed 162560K, reserved 1245184K
  class space    used 20788K, committed 22400K, reserved 1048576K
}
Event: 5460.134 GC heap after
{Heap after GC invocations=97 (full 0):
 garbage-first heap   total 348160K, used 181125K [0x0000000080000000, 0x0000000100000000)
  region size 1024K, 9 young (9216K), 9 survivors (9216K)
 Metaspace       used 159754K, committed 162560K, reserved 1245184K
  class space    used 20788K, committed 22400K, reserved 1048576K
}
Event: 5460.337 GC heap before
{Heap before GC invocations=97 (full 0):
 garbage-first heap   total 348160K, used 184197K [0x0000000080000000, 0x0000000100000000)
  region size 1024K, 13 young (13312K), 9 survivors (9216K)
 Metaspace       used 160060K, committed 162688K, reserved 1245184K
  class space    used 20811K, committed 22400K, reserved 1048576K
}
Event: 5460.342 GC heap after
{Heap after GC invocations=98 (full 0):
 garbage-first heap   total 348160K, used 182421K [0x0000000080000000, 0x0000000100000000)
  region size 1024K, 6 young (6144K), 6 survivors (6144K)
 Metaspace       used 160060K, committed 162688K, reserved 1245184K
  class space    used 20811K, committed 22400K, reserved 1048576K
}
Event: 5461.200 GC heap before
{Heap before GC invocations=99 (full 0):
 garbage-first heap   total 348160K, used 272533K [0x0000000080000000, 0x0000000100000000)
  region size 1024K, 95 young (97280K), 6 survivors (6144K)
 Metaspace       used 160321K, committed 162816K, reserved 1245184K
  class space    used 20814K, committed 22400K, reserved 1048576K
}
Event: 5461.203 GC heap after
{Heap after GC invocations=100 (full 0):
 garbage-first heap   total 348160K, used 175045K [0x0000000080000000, 0x0000000100000000)
  region size 1024K, 4 young (4096K), 4 survivors (4096K)
 Metaspace       used 160321K, committed 162816K, reserved 1245184K
  class space    used 20814K, committed 22400K, reserved 1048576K
}
Event: 5461.880 GC heap before
{Heap before GC invocations=100 (full 0):
 garbage-first heap   total 348160K, used 281541K [0x0000000080000000, 0x0000000100000000)
  region size 1024K, 105 young (107520K), 4 survivors (4096K)
 Metaspace       used 160562K, committed 162880K, reserved 1245184K
  class space    used 20823K, committed 22400K, reserved 1048576K
}
Event: 5461.888 GC heap after
{Heap after GC invocations=101 (full 0):
 garbage-first heap   total 348160K, used 148460K [0x0000000080000000, 0x0000000100000000)
  region size 1024K, 3 young (3072K), 3 survivors (3072K)
 Metaspace       used 160562K, committed 162880K, reserved 1245184K
  class space    used 20823K, committed 22400K, reserved 1048576K
}
Event: 5994.246 GC heap before
{Heap before GC invocations=101 (full 0):
 garbage-first heap   total 348160K, used 293868K [0x0000000080000000, 0x0000000100000000)
  region size 1024K, 128 young (131072K), 3 survivors (3072K)
 Metaspace       used 161773K, committed 163904K, reserved 1245184K
  class space    used 21053K, committed 22400K, reserved 1048576K
}
Event: 5994.267 GC heap after
{Heap after GC invocations=102 (full 0):
 garbage-first heap   total 348160K, used 157591K [0x0000000080000000, 0x0000000100000000)
  region size 1024K, 14 young (14336K), 14 survivors (14336K)
 Metaspace       used 161773K, committed 163904K, reserved 1245184K
  class space    used 21053K, committed 22400K, reserved 1048576K
}
Event: 5994.464 GC heap before
{Heap before GC invocations=102 (full 0):
 garbage-first heap   total 348160K, used 187287K [0x0000000080000000, 0x0000000100000000)
  region size 1024K, 45 young (46080K), 14 survivors (14336K)
 Metaspace       used 161800K, committed 163904K, reserved 1245184K
  class space    used 21053K, committed 22400K, reserved 1048576K
}
Event: 5994.472 GC heap after
{Heap after GC invocations=103 (full 0):
 garbage-first heap   total 348160K, used 162665K [0x0000000080000000, 0x0000000100000000)
  region size 1024K, 6 young (6144K), 6 survivors (6144K)
 Metaspace       used 161800K, committed 163904K, reserved 1245184K
  class space    used 21053K, committed 22400K, reserved 1048576K
}

