# JRE version: OpenJDK Runtime Environment (21.0.7) (build 21.0.7+-13880790-b1038.58)
# Java VM: OpenJDK 64-Bit Server VM (21.0.7+-13880790-b1038.58, mixed mode, tiered, compressed oops, compressed class ptrs, g1 gc, windows-amd64)
GC Precious Log:
 CardTable entry size: 512
 Card Set container configuration: InlinePtr #cards 5 size 8 Array Of Cards #cards 12 size 40 Howl #buckets 4 coarsen threshold 1843 Howl Bitmap #cards 512 size 80 coarsen threshold 460 Card regions per heap region 1 cards per card region 2048
 CPUs: 12 total, 12 available
 Memory: 16110M
 Large Page Support: Disabled
 NUMA Support: Disabled
 Compressed Oops: Enabled (32-bit)
 Heap Region Size: 1M
 Heap Min Capacity: 8M
 Heap Initial Capacity: 252M
 Heap Max Capacity: 2G
 Pre-touch: Disabled
 Parallel Workers: 10
 Concurrent Workers: 3
 Concurrent Refinement Workers: 10
 Periodic GC: Disabled
Heap:
 garbage-first heap   total 138240K, used 93013K [0x0000000080000000, 0x0000000100000000)
  region size 1024K, 14 young (14336K), 5 survivors (5120K)
 Metaspace       used 90207K, committed 92160K, reserved 1179648K
  class space    used 12237K, committed 13184K, reserved 1048576K
GC Heap History (20 events):
Event: 9.183 GC heap before
{Heap before GC invocations=24 (full 0):
 garbage-first heap   total 99328K, used 78290K [0x0000000080000000, 0x0000000100000000)
  region size 1024K, 23 young (23552K), 3 survivors (3072K)
 Metaspace       used 74510K, committed 76288K, reserved 1179648K
  class space    used 10199K, committed 11072K, reserved 1048576K
}
Event: 9.186 GC heap after
{Heap after GC invocations=25 (full 0):
 garbage-first heap   total 99328K, used 59283K [0x0000000080000000, 0x0000000100000000)
  region size 1024K, 3 young (3072K), 3 survivors (3072K)
 Metaspace       used 74510K, committed 76288K, reserved 1179648K
  class space    used 10199K, committed 11072K, reserved 1048576K
}
Event: 9.548 GC heap before
{Heap before GC invocations=25 (full 0):
 garbage-first heap   total 99328K, used 87955K [0x0000000080000000, 0x0000000100000000)
  region size 1024K, 32 young (32768K), 3 survivors (3072K)
 Metaspace       used 74533K, committed 76288K, reserved 1179648K
  class space    used 10200K, committed 11072K, reserved 1048576K
}
Event: 9.551 GC heap after
{Heap after GC invocations=26 (full 0):
 garbage-first heap   total 99328K, used 58570K [0x0000000080000000, 0x0000000100000000)
  region size 1024K, 3 young (3072K), 3 survivors (3072K)
 Metaspace       used 74533K, committed 76288K, reserved 1179648K
  class space    used 10200K, committed 11072K, reserved 1048576K
}
Event: 9.862 GC heap before
{Heap before GC invocations=26 (full 0):
 garbage-first heap   total 99328K, used 87242K [0x0000000080000000, 0x0000000100000000)
  region size 1024K, 32 young (32768K), 3 survivors (3072K)
 Metaspace       used 74545K, committed 76288K, reserved 1179648K
  class space    used 10200K, committed 11072K, reserved 1048576K
}
Event: 9.865 GC heap after
{Heap after GC invocations=27 (full 0):
 garbage-first heap   total 99328K, used 59526K [0x0000000080000000, 0x0000000100000000)
  region size 1024K, 4 young (4096K), 4 survivors (4096K)
 Metaspace       used 74545K, committed 76288K, reserved 1179648K
  class space    used 10200K, committed 11072K, reserved 1048576K
}
Event: 16.310 GC heap before
{Heap before GC invocations=28 (full 0):
 garbage-first heap   total 101376K, used 93318K [0x0000000080000000, 0x0000000100000000)
  region size 1024K, 32 young (32768K), 4 survivors (4096K)
 Metaspace       used 75455K, committed 77184K, reserved 1179648K
  class space    used 10311K, committed 11136K, reserved 1048576K
}
Event: 16.314 GC heap after
{Heap after GC invocations=29 (full 0):
 garbage-first heap   total 106496K, used 72112K [0x0000000080000000, 0x0000000100000000)
  region size 1024K, 4 young (4096K), 4 survivors (4096K)
 Metaspace       used 75455K, committed 77184K, reserved 1179648K
  class space    used 10311K, committed 11136K, reserved 1048576K
}
Event: 16.548 GC heap before
{Heap before GC invocations=29 (full 0):
 garbage-first heap   total 106496K, used 93616K [0x0000000080000000, 0x0000000100000000)
  region size 1024K, 25 young (25600K), 4 survivors (4096K)
 Metaspace       used 77240K, committed 79040K, reserved 1179648K
  class space    used 10543K, committed 11392K, reserved 1048576K
}
Event: 16.551 GC heap after
{Heap after GC invocations=30 (full 0):
 garbage-first heap   total 106496K, used 72554K [0x0000000080000000, 0x0000000100000000)
  region size 1024K, 2 young (2048K), 2 survivors (2048K)
 Metaspace       used 77240K, committed 79040K, reserved 1179648K
  class space    used 10543K, committed 11392K, reserved 1048576K
}
Event: 16.762 GC heap before
{Heap before GC invocations=30 (full 0):
 garbage-first heap   total 106496K, used 94058K [0x0000000080000000, 0x0000000100000000)
  region size 1024K, 24 young (24576K), 2 survivors (2048K)
 Metaspace       used 79485K, committed 81280K, reserved 1179648K
  class space    used 10788K, committed 11648K, reserved 1048576K
}
Event: 16.764 GC heap after
{Heap after GC invocations=31 (full 0):
 garbage-first heap   total 128000K, used 73149K [0x0000000080000000, 0x0000000100000000)
  region size 1024K, 2 young (2048K), 2 survivors (2048K)
 Metaspace       used 79485K, committed 81280K, reserved 1179648K
  class space    used 10788K, committed 11648K, reserved 1048576K
}
Event: 17.169 GC heap before
{Heap before GC invocations=32 (full 0):
 garbage-first heap   total 128000K, used 112061K [0x0000000080000000, 0x0000000100000000)
  region size 1024K, 41 young (41984K), 2 survivors (2048K)
 Metaspace       used 83658K, committed 85568K, reserved 1179648K
  class space    used 11406K, committed 12352K, reserved 1048576K
}
Event: 17.172 GC heap after
{Heap after GC invocations=33 (full 0):
 garbage-first heap   total 128000K, used 75048K [0x0000000080000000, 0x0000000100000000)
  region size 1024K, 4 young (4096K), 4 survivors (4096K)
 Metaspace       used 83658K, committed 85568K, reserved 1179648K
  class space    used 11406K, committed 12352K, reserved 1048576K
}
Event: 17.505 GC heap before
{Heap before GC invocations=33 (full 0):
 garbage-first heap   total 128000K, used 119080K [0x0000000080000000, 0x0000000100000000)
  region size 1024K, 43 young (44032K), 4 survivors (4096K)
 Metaspace       used 85870K, committed 87744K, reserved 1179648K
  class space    used 11705K, committed 12608K, reserved 1048576K
}
Event: 17.510 GC heap after
{Heap after GC invocations=34 (full 0):
 garbage-first heap   total 130048K, used 79170K [0x0000000080000000, 0x0000000100000000)
  region size 1024K, 6 young (6144K), 6 survivors (6144K)
 Metaspace       used 85870K, committed 87744K, reserved 1179648K
  class space    used 11705K, committed 12608K, reserved 1048576K
}
Event: 17.844 GC heap before
{Heap before GC invocations=34 (full 0):
 garbage-first heap   total 130048K, used 116034K [0x0000000080000000, 0x0000000100000000)
  region size 1024K, 42 young (43008K), 6 survivors (6144K)
 Metaspace       used 88472K, committed 90368K, reserved 1179648K
  class space    used 12047K, committed 12992K, reserved 1048576K
}
Event: 17.848 GC heap after
{Heap after GC invocations=35 (full 0):
 garbage-first heap   total 130048K, used 82060K [0x0000000080000000, 0x0000000100000000)
  region size 1024K, 3 young (3072K), 3 survivors (3072K)
 Metaspace       used 88472K, committed 90368K, reserved 1179648K
  class space    used 12047K, committed 12992K, reserved 1048576K
}
Event: 18.085 GC heap before
{Heap before GC invocations=36 (full 0):
 garbage-first heap   total 138240K, used 116876K [0x0000000080000000, 0x0000000100000000)
  region size 1024K, 38 young (38912K), 3 survivors (3072K)
 Metaspace       used 89751K, committed 91712K, reserved 1179648K
  class space    used 12181K, committed 13120K, reserved 1048576K
}
Event: 18.088 GC heap after
{Heap after GC invocations=37 (full 0):
 garbage-first heap   total 138240K, used 84821K [0x0000000080000000, 0x0000000100000000)
  region size 1024K, 5 young (5120K), 5 survivors (5120K)
 Metaspace       used 89751K, committed 91712K, reserved 1179648K
  class space    used 12181K, committed 13120K, reserved 1048576K
}

