# JRE version: OpenJDK Runtime Environment (21.0.7) (build 21.0.7+-13880790-b1038.58)
# Java VM: OpenJDK 64-Bit Server VM (21.0.7+-13880790-b1038.58, mixed mode, tiered, compressed oops, compressed class ptrs, g1 gc, windows-amd64)
GC Precious Log:
 CardTable entry size: 512
 Card Set container configuration: InlinePtr #cards 5 size 8 Array Of Cards #cards 12 size 40 Howl #buckets 4 coarsen threshold 1843 Howl Bitmap #cards 512 size 80 coarsen threshold 460 Card regions per heap region 1 cards per card region 2048
 CPUs: 12 total, 12 available
 Memory: 16110M
 Large Page Support: Disabled
 NUMA Support: Disabled
 Compressed Oops: Enabled (32-bit)
 Heap Region Size: 1M
 Heap Min Capacity: 8M
 Heap Initial Capacity: 252M
 Heap Max Capacity: 2G
 Pre-touch: Disabled
 Parallel Workers: 10
 Concurrent Workers: 3
 Concurrent Refinement Workers: 10
 Periodic GC: Disabled
Heap:
 garbage-first heap   total 411648K, used 272729K [0x0000000080000000, 0x0000000100000000)
  region size 1024K, 60 young (61440K), 22 survivors (22528K)
 Metaspace       used 168459K, committed 171968K, reserved 1245184K
  class space    used 22531K, committed 24448K, reserved 1048576K
GC Heap History (20 events):
Event: 2445.562 GC heap before
{Heap before GC invocations=64 (full 0):
 garbage-first heap   total 379904K, used 336193K [0x0000000080000000, 0x0000000100000000)
  region size 1024K, 121 young (123904K), 11 survivors (11264K)
 Metaspace       used 166643K, committed 171712K, reserved 1245184K
  class space    used 22509K, committed 24448K, reserved 1048576K
}
Event: 2445.578 GC heap after
{Heap after GC invocations=65 (full 0):
 garbage-first heap   total 379904K, used 244020K [0x0000000080000000, 0x0000000100000000)
  region size 1024K, 16 young (16384K), 16 survivors (16384K)
 Metaspace       used 166643K, committed 171712K, reserved 1245184K
  class space    used 22509K, committed 24448K, reserved 1048576K
}
Event: 2446.584 GC heap before
{Heap before GC invocations=65 (full 0):
 garbage-first heap   total 379904K, used 337204K [0x0000000080000000, 0x0000000100000000)
  region size 1024K, 107 young (109568K), 16 survivors (16384K)
 Metaspace       used 166775K, committed 171712K, reserved 1245184K
  class space    used 22509K, committed 24448K, reserved 1048576K
}
Event: 2446.594 GC heap after
{Heap after GC invocations=66 (full 0):
 garbage-first heap   total 379904K, used 205899K [0x0000000080000000, 0x0000000100000000)
  region size 1024K, 4 young (4096K), 4 survivors (4096K)
 Metaspace       used 166775K, committed 171712K, reserved 1245184K
  class space    used 22509K, committed 24448K, reserved 1048576K
}
Event: 2446.923 GC heap before
{Heap before GC invocations=66 (full 0):
 garbage-first heap   total 379904K, used 333899K [0x0000000080000000, 0x0000000100000000)
  region size 1024K, 127 young (130048K), 4 survivors (4096K)
 Metaspace       used 167082K, committed 171712K, reserved 1245184K
  class space    used 22523K, committed 24448K, reserved 1048576K
}
Event: 2446.938 GC heap after
{Heap after GC invocations=67 (full 0):
 garbage-first heap   total 379904K, used 193570K [0x0000000080000000, 0x0000000100000000)
  region size 1024K, 10 young (10240K), 10 survivors (10240K)
 Metaspace       used 167082K, committed 171712K, reserved 1245184K
  class space    used 22523K, committed 24448K, reserved 1048576K
}
Event: 3477.807 GC heap before
{Heap before GC invocations=67 (full 0):
 garbage-first heap   total 379904K, used 354338K [0x0000000080000000, 0x0000000100000000)
  region size 1024K, 146 young (149504K), 10 survivors (10240K)
 Metaspace       used 167450K, committed 171776K, reserved 1245184K
  class space    used 22531K, committed 24448K, reserved 1048576K
}
Event: 3477.818 GC heap after
{Heap after GC invocations=68 (full 0):
 garbage-first heap   total 379904K, used 194830K [0x0000000080000000, 0x0000000100000000)
  region size 1024K, 13 young (13312K), 13 survivors (13312K)
 Metaspace       used 167450K, committed 171776K, reserved 1245184K
  class space    used 22531K, committed 24448K, reserved 1048576K
}
Event: 3477.848 GC heap before
{Heap before GC invocations=68 (full 0):
 garbage-first heap   total 379904K, used 198926K [0x0000000080000000, 0x0000000100000000)
  region size 1024K, 19 young (19456K), 13 survivors (13312K)
 Metaspace       used 167456K, committed 171776K, reserved 1245184K
  class space    used 22531K, committed 24448K, reserved 1048576K
}
Event: 3477.853 GC heap after
{Heap after GC invocations=69 (full 0):
 garbage-first heap   total 379904K, used 195539K [0x0000000080000000, 0x0000000100000000)
  region size 1024K, 11 young (11264K), 11 survivors (11264K)
 Metaspace       used 167456K, committed 171776K, reserved 1245184K
  class space    used 22531K, committed 24448K, reserved 1048576K
}
Event: 3478.674 GC heap before
{Heap before GC invocations=70 (full 0):
 garbage-first heap   total 379904K, used 365523K [0x0000000080000000, 0x0000000100000000)
  region size 1024K, 152 young (155648K), 11 survivors (11264K)
 Metaspace       used 167671K, committed 171840K, reserved 1245184K
  class space    used 22531K, committed 24448K, reserved 1048576K
}
Event: 3478.682 GC heap after
{Heap after GC invocations=71 (full 0):
 garbage-first heap   total 384000K, used 199167K [0x0000000080000000, 0x0000000100000000)
  region size 1024K, 16 young (16384K), 16 survivors (16384K)
 Metaspace       used 167671K, committed 171840K, reserved 1245184K
  class space    used 22531K, committed 24448K, reserved 1048576K
}
Event: 3481.548 GC heap before
{Heap before GC invocations=71 (full 0):
 garbage-first heap   total 384000K, used 351743K [0x0000000080000000, 0x0000000100000000)
  region size 1024K, 160 young (163840K), 16 survivors (16384K)
 Metaspace       used 168151K, committed 171840K, reserved 1245184K
  class space    used 22553K, committed 24448K, reserved 1048576K
}
Event: 3481.578 GC heap after
{Heap after GC invocations=72 (full 0):
 garbage-first heap   total 406528K, used 201621K [0x0000000080000000, 0x0000000100000000)
  region size 1024K, 20 young (20480K), 20 survivors (20480K)
 Metaspace       used 168151K, committed 171840K, reserved 1245184K
  class space    used 22553K, committed 24448K, reserved 1048576K
}
Event: 3483.054 GC heap before
{Heap before GC invocations=72 (full 0):
 garbage-first heap   total 406528K, used 362389K [0x0000000080000000, 0x0000000100000000)
  region size 1024K, 175 young (179200K), 20 survivors (20480K)
 Metaspace       used 168320K, committed 171840K, reserved 1245184K
  class space    used 22554K, committed 24448K, reserved 1048576K
}
Event: 3483.086 GC heap after
{Heap after GC invocations=73 (full 0):
 garbage-first heap   total 406528K, used 199633K [0x0000000080000000, 0x0000000100000000)
  region size 1024K, 10 young (10240K), 10 survivors (10240K)
 Metaspace       used 168320K, committed 171840K, reserved 1245184K
  class space    used 22554K, committed 24448K, reserved 1048576K
}
Event: 3483.356 GC heap before
{Heap before GC invocations=73 (full 0):
 garbage-first heap   total 406528K, used 267217K [0x0000000080000000, 0x0000000100000000)
  region size 1024K, 78 young (79872K), 10 survivors (10240K)
 Metaspace       used 168468K, committed 171904K, reserved 1245184K
  class space    used 22554K, committed 24448K, reserved 1048576K
}
Event: 3483.362 GC heap after
{Heap after GC invocations=74 (full 0):
 garbage-first heap   total 406528K, used 201169K [0x0000000080000000, 0x0000000100000000)
  region size 1024K, 11 young (11264K), 11 survivors (11264K)
 Metaspace       used 168468K, committed 171904K, reserved 1245184K
  class space    used 22554K, committed 24448K, reserved 1048576K
}
Event: 3697.419 GC heap before
{Heap before GC invocations=75 (full 0):
 garbage-first heap   total 406528K, used 381393K [0x0000000080000000, 0x0000000100000000)
  region size 1024K, 170 young (174080K), 11 survivors (11264K)
 Metaspace       used 168397K, committed 171968K, reserved 1245184K
  class space    used 22531K, committed 24448K, reserved 1048576K
}
Event: 3698.432 GC heap after
{Heap after GC invocations=76 (full 0):
 garbage-first heap   total 411648K, used 210265K [0x0000000080000000, 0x0000000100000000)
  region size 1024K, 22 young (22528K), 22 survivors (22528K)
 Metaspace       used 168397K, committed 171968K, reserved 1245184K
  class space    used 22531K, committed 24448K, reserved 1048576K
}

